2025-06-26 06:56:19 | INFO | === Soldier Sign-out System Started ===
2025-06-26 06:57:35 | INFO | === Soldier Sign-out System Started ===
2025-06-26 06:57:51 | INFO | === Soldier Sign-out System Started ===
2025-06-26 06:58:19 | INFO | SIGN-OUT | ID: 004 | Soldiers: SGT Johnson, M., SPC Williams, A., PFC Brown, D. | Destination: d | Phone: (123) 456-7890
2025-06-26 06:58:28 | INFO | === Soldier Sign-out System Started ===
2025-06-26 06:58:35 | INFO | === Soldier Sign-out System Started ===
2025-06-26 06:59:54 | INFO | UPDATED | ID: 003 | Soldiers: SGT Johnson, M., PFC Brown, D., CPL Davis, R., SSG Garcia, L.
2025-06-26 07:00:16 | INFO | SIGN-OUT | ID: 005 | Soldiers: SGT Johnson, M., SPC Williams, A., PFC Brown, D. | Destination: Augusta Mall | Phone: (618) 406-9442
2025-06-26 07:02:30 | INFO | === Soldier Sign-out System Started ===
2025-06-26 07:03:16 | INFO | SIGN-OUT | ID: 006 | Soldiers: SGT Johnson, M., SPC Williams, A. | Destination: Off Posy | Phone: (123) 456-7890
2025-06-26 07:05:32 | INFO | === Soldier Sign-out System Started ===
2025-06-26 07:10:51 | INFO | === Soldier Sign-out System Started ===
2025-06-26 07:13:16 | INFO | === Soldier Sign-out System Started ===
2025-06-26 07:14:40 | INFO | === Soldier Sign-out System Started ===
2025-06-26 07:19:32 | INFO | === Soldier Sign-out System Started ===
2025-06-26 07:21:23 | INFO | === Soldier Sign-out System Started ===
2025-06-26 07:23:31 | INFO | === Soldier Sign-out System Started ===
2025-06-26 07:28:27 | INFO | === Soldier Sign-out System Started ===
2025-06-26 16:26:59 | INFO | === Soldier Sign-out System Started ===
2025-06-26 16:28:11 | INFO | === Soldier Sign-out System Started ===
2025-06-26 16:28:30 | INFO | === Soldier Sign-out System Started ===
2025-06-26 16:30:39 | INFO | === Soldier Sign-out System Started ===
2025-06-26 16:32:54 | INFO | === Soldier Sign-out System Started ===
2025-06-26 16:33:24 | INFO | === Soldier Sign-out System Started ===
2025-06-26 16:36:37 | INFO | === Soldier Sign-out System Started ===
2025-06-26 16:41:15 | INFO | === Soldier Sign-out System Started ===
2025-06-26 16:44:54 | INFO | === Soldier Sign-out System Started ===
2025-06-26 16:49:57 | INFO | === Soldier Sign-out System Started ===
2025-06-26 16:52:39 | INFO | === Soldier Sign-out System Started ===
2025-06-26 16:52:53 | INFO | === Soldier Sign-out System Started ===
2025-06-26 16:55:27 | INFO | === Soldier Sign-out System Started ===
2025-06-26 16:55:42 | INFO | SIGN-IN | ID: 005 | Soldiers: SGT Johnson, M., SPC Williams, A., PFC Brown, D. | Duration: 9h 55m
2025-06-26 16:56:08 | INFO | UPDATED | ID: 004 | Soldiers: SGT Johnson, M., PFC Brown, D.
2025-06-26 16:56:37 | INFO | SIGN-OUT | ID: 007 | Soldiers: SGT Johnson, M., SPC Williams, A. | Destination: Augusta Mall | Phone: (123) 456-7890
2025-06-26 16:57:05 | INFO | === Soldier Sign-out System Started ===
2025-06-26 17:01:40 | INFO | === Soldier Sign-out System Started ===
2025-06-26 17:06:19 | INFO | === Soldier Sign-out System Started ===
2025-06-26 17:19:26 | INFO | === Soldier Sign-out System Started ===
2025-06-26 17:20:25 | INFO | SIGN-OUT | ID: 008 | Soldiers: SGT Johnson, M. | Destination: Augusta Mall | Phone: (123) 456-7890
2025-06-26 17:20:37 | INFO | SIGN-IN | ID: 008 | Soldiers: SGT Johnson, M. | Duration: 0m
2025-06-26 17:21:11 | INFO | SIGN-IN | ID: 002 | Soldiers: SGT Johnson, M., SPC Williams, A., PFC Brown, D. | Duration: 19h 59m
2025-06-26 17:21:34 | INFO | SIGN-OUT | ID: 008 | Soldiers: SGT Johnson, M. | Destination: Augusta Mall w/ Family | Phone: (123) 456-7890
2025-06-26 17:30:36 | INFO | === Soldier Sign-out System Started ===
2025-06-26 17:30:58 | INFO | SIGN-OUT | ID: 009 | Soldiers: SGT Johnson, M., SPC Williams, A. | Destination: dfghj | Phone: (123) 456-7890
