2025-06-25 20:52:30 | INFO | === Soldier Sign-out System Started ===
2025-06-25 20:53:16 | INFO | === Soldier Sign-out System Started ===
2025-06-25 20:56:29 | INFO | === Soldier Sign-out System Started ===
2025-06-25 21:10:19 | INFO | === Soldier Sign-out System Started ===
2025-06-25 21:10:23 | INFO | === Soldier Sign-out System Started ===
2025-06-25 21:10:27 | INFO | === Soldier Sign-out System Started ===
2025-06-25 21:10:35 | INFO | === Soldier Sign-out System Started ===
2025-06-25 21:10:39 | INFO | === Soldier Sign-out System Started ===
2025-06-25 21:10:42 | INFO | === Soldier Sign-out System Started ===
2025-06-25 21:10:47 | INFO | === Soldier Sign-out System Started ===
2025-06-25 21:10:51 | INFO | === Soldier Sign-out System Started ===
2025-06-25 21:10:57 | INFO | === Soldier Sign-out System Started ===
2025-06-25 21:13:21 | INFO | === Soldier Sign-out System Started ===
2025-06-25 21:14:10 | INFO | === Soldier Sign-out System Started ===
2025-06-25 21:14:21 | WARNING | Attempted to remove non-existent sign-out ID: 003
2025-06-25 21:14:55 | INFO | SIGN-OUT | ID: 001 | Soldiers: SGT Johnson, M. | Destination: j | Phone: (777) 777-7777
2025-06-25 21:15:04 | INFO | SIGN-IN | ID: 001 | Soldiers: SGT Johnson, M. | Duration: 0m
2025-06-25 21:16:50 | INFO | === Soldier Sign-out System Started ===
2025-06-25 21:17:19 | INFO | === Soldier Sign-out System Started ===
2025-06-25 21:17:44 | INFO | SIGN-OUT | ID: 001 | Soldiers: SGT Johnson, M. | Destination: Die | Phone: (123) 456-7890
2025-06-25 21:20:28 | INFO | === Soldier Sign-out System Started ===
2025-06-25 21:20:34 | INFO | SIGN-IN | ID: 001 | Soldiers: SGT Johnson, M. | Duration: 2m
2025-06-25 21:20:46 | INFO | SIGN-OUT | ID: 001 | Soldiers: SGT Johnson, M. | Destination: Tet | Phone: (123) 456-7890
2025-06-25 21:21:06 | INFO | SIGN-OUT | ID: 002 | Soldiers: SGT Johnson, M., SPC Williams, A., PFC Brown, D., CPL Davis, R. | Destination: sdfghk | Phone: (123) 456-7890
2025-06-25 21:21:13 | INFO | SIGN-IN | ID: 002 | Soldiers: SGT Johnson, M., SPC Williams, A., PFC Brown, D., CPL Davis, R. | Duration: 0m
2025-06-25 21:21:17 | INFO | SIGN-IN | ID: 001 | Soldiers: SGT Johnson, M. | Duration: 0m
2025-06-25 21:21:35 | INFO | SIGN-OUT | ID: 001 | Soldiers: SGT Johnson, M. | Destination: sdfghj | Phone: (123) 456-7890
2025-06-25 21:21:43 | INFO | SIGN-OUT | ID: 002 | Soldiers: SGT Johnson, M., SPC Williams, A., PFC Brown, D. | Destination: xn | Phone: (123) 456-7890
2025-06-25 21:21:53 | INFO | SIGN-OUT | ID: 003 | Soldiers: SGT Johnson, M., SPC Williams, A., PFC Brown, D., CPL Davis, R. | Destination: fdgh | Phone: (123) 456-7890
2025-06-25 21:37:02 | INFO | === Soldier Sign-out System Started ===
2025-06-25 21:39:56 | INFO | === Soldier Sign-out System Started ===
2025-06-25 21:41:30 | INFO | === Soldier Sign-out System Started ===
2025-06-25 21:42:35 | INFO | === Soldier Sign-out System Started ===
2025-06-25 21:44:43 | INFO | SIGN-IN | ID: 001 | Soldiers: SGT Johnson, M. | Duration: 23m
2025-06-25 21:44:56 | INFO | SIGN-OUT | ID: 004 | Soldiers: SGT Johnson, M., SPC Williams, A. | Destination: Troop Store | Phone: (618) 406-9442
2025-06-25 21:54:49 | INFO | === Soldier Sign-out System Started ===
2025-06-25 21:57:23 | INFO | === Soldier Sign-out System Started ===
2025-06-25 21:58:34 | INFO | === Soldier Sign-out System Started ===
2025-06-25 21:58:54 | INFO | === Soldier Sign-out System Started ===
2025-06-25 21:59:15 | INFO | === Soldier Sign-out System Started ===
2025-06-25 22:01:30 | INFO | === Soldier Sign-out System Started ===
2025-06-25 22:02:12 | INFO | === Soldier Sign-out System Started ===
2025-06-25 22:02:39 | INFO | === Soldier Sign-out System Started ===
2025-06-25 22:03:04 | INFO | === Soldier Sign-out System Started ===
2025-06-25 22:03:15 | INFO | SIGN-OUT | ID: 005 | Soldiers: SGT Johnson, M. | Destination: nm | Phone: (123) 456-7890
2025-06-25 22:03:38 | INFO | === Soldier Sign-out System Started ===
2025-06-25 22:05:03 | INFO | SIGN-OUT | ID: 006 | Soldiers: CPL Davis, R., SSG Garcia, L., PV2 Martinez, C. | Destination: home | Phone: (777) 777-7777
2025-06-25 22:05:20 | INFO | SIGN-IN | ID: 006 | Soldiers: CPL Davis, R., SSG Garcia, L., PV2 Martinez, C. | Duration: 0m
2025-06-25 22:05:29 | INFO | SIGN-IN | ID: 005 | Soldiers: SGT Johnson, M. | Duration: 2m
2025-06-25 22:12:16 | INFO | === Soldier Sign-out System Started ===
2025-06-25 22:12:52 | INFO | === Soldier Sign-out System Started ===
2025-06-25 22:14:14 | INFO | === Soldier Sign-out System Started ===
2025-06-25 22:15:18 | INFO | === Soldier Sign-out System Started ===
2025-06-25 22:17:01 | INFO | === Soldier Sign-out System Started ===
2025-06-25 22:18:40 | INFO | === Soldier Sign-out System Started ===
2025-06-25 22:20:37 | INFO | === Soldier Sign-out System Started ===
2025-06-25 22:21:04 | INFO | === Soldier Sign-out System Started ===
2025-06-25 22:25:57 | INFO | === Soldier Sign-out System Started ===
2025-06-25 22:26:16 | INFO | UPDATED | ID: 003 | Soldiers: SGT Johnson, M., SPC Williams, A., PFC Brown, D., CPL Davis, R.
2025-06-25 22:27:16 | INFO | === Soldier Sign-out System Started ===
2025-06-25 22:31:50 | INFO | === Soldier Sign-out System Started ===
2025-06-25 22:32:01 | INFO | UPDATED | ID: 003 | Soldiers: SGT Johnson, M., PFC Brown, D., CPL Davis, R., SSG Garcia, L.
2025-06-25 22:32:08 | INFO | UPDATED | ID: 004 | Soldiers: SGT Johnson, M., SPC Williams, A.
2025-06-25 22:34:01 | INFO | === Soldier Sign-out System Started ===
2025-06-25 22:36:39 | INFO | === Soldier Sign-out System Started ===
2025-06-25 22:36:48 | INFO | UPDATED | ID: 003 | Soldiers: SGT Johnson, M., PFC Brown, D., CPL Davis, R., SSG Garcia, L.
2025-06-25 22:36:55 | INFO | UPDATED | ID: 003 | Soldiers: SGT Johnson, M., PFC Brown, D., CPL Davis, R., SSG Garcia, L.
2025-06-25 22:37:20 | INFO | === Soldier Sign-out System Started ===
2025-06-25 22:37:23 | INFO | SIGN-IN | ID: 004 | Soldiers: SGT Johnson, M., SPC Williams, A. | Duration: 52m
2025-06-25 22:37:42 | INFO | UPDATED | ID: 003 | Soldiers: SGT Johnson, M., PFC Brown, D., CPL Davis, R., SSG Garcia, L.
2025-06-25 22:38:07 | INFO | === Soldier Sign-out System Started ===
2025-06-25 22:38:13 | INFO | UPDATED | ID: 003 | Soldiers: SGT Johnson, M., PFC Brown, D., CPL Davis, R., SSG Garcia, L.
2025-06-25 22:38:18 | INFO | === Soldier Sign-out System Started ===
2025-06-25 22:45:37 | INFO | === Soldier Sign-out System Started ===
2025-06-25 22:46:53 | INFO | === Soldier Sign-out System Started ===
2025-06-25 22:51:50 | INFO | === Soldier Sign-out System Started ===
